<?xml version="1.0" encoding="UTF-8"?>
<testng-results ignored="0" total="10" passed="10" failed="0" skipped="0">
  <reporter-output>
  </reporter-output>
  <suite started-at="2020-03-17T18:34:53 IST" name="Default suite" finished-at="2020-03-17T18:35:07 IST" duration-ms="14797">
    <groups>
    </groups>
    <test started-at="2020-03-17T18:34:53 IST" name="Default test" finished-at="2020-03-17T18:35:07 IST" duration-ms="14797">
      <class name="ImpressionOnlinePackage.ContactForm">
        <test-method is-config="true" signature="browser()[pri:0, instance:ImpressionOnlinePackage.ContactForm@6a01e23]" started-at="2020-03-17T18:34:35 IST" name="browser" finished-at="2020-03-17T18:34:53 IST" duration-ms="17437" status="PASS">
          <reporter-output>
          </reporter-output>
        </test-method> <!-- browser -->
        <test-method signature="opencontactForm()[pri:0, instance:ImpressionOnlinePackage.ContactForm@6a01e23]" started-at="2020-03-17T18:34:53 IST" name="opencontactForm" finished-at="2020-03-17T18:34:59 IST" duration-ms="6749" status="PASS">
          <reporter-output>
          </reporter-output>
        </test-method> <!-- opencontactForm -->
        <test-method signature="scrollingThePage()[pri:1, instance:ImpressionOnlinePackage.ContactForm@6a01e23]" started-at="2020-03-17T18:34:59 IST" name="scrollingThePage" finished-at="2020-03-17T18:35:02 IST" duration-ms="3072" status="PASS">
          <reporter-output>
          </reporter-output>
        </test-method> <!-- scrollingThePage -->
        <test-method signature="fillTheForm()[pri:2, instance:ImpressionOnlinePackage.ContactForm@6a01e23]" started-at="2020-03-17T18:35:02 IST" name="fillTheForm" finished-at="2020-03-17T18:35:03 IST" duration-ms="142" status="PASS">
          <reporter-output>
          </reporter-output>
        </test-method> <!-- fillTheForm -->
        <test-method signature="fillPhoneNo()[pri:3, instance:ImpressionOnlinePackage.ContactForm@6a01e23]" started-at="2020-03-17T18:35:03 IST" name="fillPhoneNo" finished-at="2020-03-17T18:35:03 IST" duration-ms="85" status="PASS">
          <reporter-output>
          </reporter-output>
        </test-method> <!-- fillPhoneNo -->
        <test-method signature="fillemail()[pri:4, instance:ImpressionOnlinePackage.ContactForm@6a01e23]" started-at="2020-03-17T18:35:03 IST" name="fillemail" finished-at="2020-03-17T18:35:03 IST" duration-ms="123" status="PASS">
          <reporter-output>
          </reporter-output>
        </test-method> <!-- fillemail -->
        <test-method signature="fillDescription()[pri:5, instance:ImpressionOnlinePackage.ContactForm@6a01e23]" started-at="2020-03-17T18:35:03 IST" name="fillDescription" finished-at="2020-03-17T18:35:03 IST" duration-ms="224" status="PASS">
          <reporter-output>
          </reporter-output>
        </test-method> <!-- fillDescription -->
        <test-method signature="sendMessageClick()[pri:6, instance:ImpressionOnlinePackage.ContactForm@6a01e23]" started-at="2020-03-17T18:35:03 IST" name="sendMessageClick" finished-at="2020-03-17T18:35:04 IST" duration-ms="1210" status="PASS">
          <reporter-output>
          </reporter-output>
        </test-method> <!-- sendMessageClick -->
        <test-method signature="alertHandling()[pri:7, instance:ImpressionOnlinePackage.ContactForm@6a01e23]" started-at="2020-03-17T18:35:04 IST" name="alertHandling" finished-at="2020-03-17T18:35:07 IST" duration-ms="3055" status="PASS">
          <reporter-output>
          </reporter-output>
        </test-method> <!-- alertHandling -->
        <test-method signature="HoverOnProducts()[pri:8, instance:ImpressionOnlinePackage.ContactForm@6a01e23]" started-at="2020-03-17T18:35:07 IST" name="HoverOnProducts" finished-at="2020-03-17T18:35:07 IST" duration-ms="63" status="PASS">
          <reporter-output>
          </reporter-output>
        </test-method> <!-- HoverOnProducts -->
        <test-method signature="verifyTitle()[pri:9, instance:ImpressionOnlinePackage.ContactForm@6a01e23]" started-at="2020-03-17T18:35:07 IST" name="verifyTitle" finished-at="2020-03-17T18:35:07 IST" duration-ms="6" status="PASS">
          <reporter-output>
          </reporter-output>
        </test-method> <!-- verifyTitle -->
      </class> <!-- ImpressionOnlinePackage.ContactForm -->
    </test> <!-- Default test -->
  </suite> <!-- Default suite -->
</testng-results>
